2020-05-24 17:16:12,261 [INFO] Activator:176 - 


2020-05-24 17:16:12,305 [INFO] Activator:177 - !SESSION log4j initialized
2020-05-24 18:18:36,407 [INFO] Activator:176 - 


2020-05-24 18:18:36,428 [INFO] Activator:177 - !SESSION log4j initialized
2020-05-24 18:18:42,767 [INFO] ApplicationProperties:181 - Using Application install path: C:\ST\STM32CubeIDE_1.3.0\STM32CubeIDE\plugins\com.st.stm32cube.common.mx_5.6.0.202002181639
2020-05-24 18:18:42,838 [INFO] DbMcusXml:72 - Set database path to: C:\ST\STM32CubeIDE_1.3.0\STM32CubeIDE\plugins\com.st.stm32cube.common.mx_5.6.0.202002181639\\db\/mcu/
2020-05-24 18:18:42,857 [INFO] DbBoardsPdsc:54 - Set plugin database path to: C:\ST\STM32CubeIDE_1.3.0\STM32CubeIDE\plugins\com.st.stm32cube.common.mx_5.6.0.202002181639\\db\/plugins/boardmanager/
2020-05-24 18:18:42,861 [INFO] DbMcus:235 - Set plugin images path to: C:\ST\STM32CubeIDE_1.3.0\STM32CubeIDE\plugins\com.st.stm32cube.common.mx_5.6.0.202002181639\\db\/plugins/mcufinder/images/
2020-05-24 18:18:42,862 [INFO] DbBoards:232 - Set plugin images path to: C:\ST\STM32CubeIDE_1.3.0\STM32CubeIDE\plugins\com.st.stm32cube.common.mx_5.6.0.202002181639\\db\/plugins/mcufinder/images/
2020-05-24 18:18:42,869 [INFO] DbMcusAds:85 - Set database path to: C:\Users\Vidalbana\.stmcufinder\plugins\mcufinder//mcu/
2020-05-24 18:18:42,869 [INFO] DbMcusDocs:108 - Set database path to: C:\Users\Vidalbana\.stmcufinder\plugins\mcufinder//mcu/
2020-05-24 18:18:42,869 [INFO] DbMcusJson:61 - Set database path to: C:\Users\Vidalbana\.stmcufinder\plugins\mcufinder//mcu/
2020-05-24 18:18:42,869 [INFO] DbBoardsDocs:97 - Set database path to: C:\Users\Vidalbana\.stmcufinder\plugins\mcufinder//mcu/
2020-05-24 18:18:42,869 [INFO] DbBoardsJson:51 - Set database path to: C:\Users\Vidalbana\.stmcufinder\plugins\mcufinder//mcu/
2020-05-24 18:18:42,965 [INFO] CrossReferenceDbSqlite:197 - Set database path to: C:\Users\Vidalbana\.stmcufinder\plugins\mcufinder//mcu/cs/
2020-05-24 18:18:43,278 [INFO] RulesReader:52 - Compatibility file has been processed (208 Rules)
2020-05-24 18:18:43,739 [INFO] MicroXplorer:570 - Detected Java Version = 1.8.0_242
2020-05-24 18:18:43,740 [INFO] DbMcusXml:72 - Set database path to: C:\ST\STM32CubeIDE_1.3.0\STM32CubeIDE\plugins\com.st.stm32cube.common.mx_5.6.0.202002181639\\db\/mcu/
2020-05-24 18:18:43,741 [INFO] DbBoardsPdsc:54 - Set plugin database path to: C:\ST\STM32CubeIDE_1.3.0\STM32CubeIDE\plugins\com.st.stm32cube.common.mx_5.6.0.202002181639\\db\/plugins/boardmanager/
2020-05-24 18:18:43,742 [INFO] DbMcus:235 - Set plugin images path to: C:\ST\STM32CubeIDE_1.3.0\STM32CubeIDE\plugins\com.st.stm32cube.common.mx_5.6.0.202002181639\\db\/plugins/mcufinder/images/
2020-05-24 18:18:43,744 [INFO] DbBoards:232 - Set plugin images path to: C:\ST\STM32CubeIDE_1.3.0\STM32CubeIDE\plugins\com.st.stm32cube.common.mx_5.6.0.202002181639\\db\/plugins/mcufinder/images/
2020-05-24 18:18:43,744 [WARN] DbFile:36 - Overriding database path with different value: C:\Users\Vidalbana\.stmcufinder\plugins\mcufinder/ => C:\Users\Vidalbana\.stmcufinder\plugins\mcufinder
2020-05-24 18:18:43,745 [INFO] DbMcusAds:85 - Set database path to: C:\Users\Vidalbana\.stmcufinder\plugins\mcufinder//mcu/
2020-05-24 18:18:43,745 [WARN] DbFile:36 - Overriding database path with different value: C:\Users\Vidalbana\.stmcufinder\plugins\mcufinder/ => C:\Users\Vidalbana\.stmcufinder\plugins\mcufinder
2020-05-24 18:18:43,746 [INFO] DbMcusDocs:108 - Set database path to: C:\Users\Vidalbana\.stmcufinder\plugins\mcufinder//mcu/
2020-05-24 18:18:43,746 [WARN] DbFile:36 - Overriding database path with different value: C:\Users\Vidalbana\.stmcufinder\plugins\mcufinder/ => C:\Users\Vidalbana\.stmcufinder\plugins\mcufinder
2020-05-24 18:18:43,746 [INFO] DbMcusJson:61 - Set database path to: C:\Users\Vidalbana\.stmcufinder\plugins\mcufinder//mcu/
2020-05-24 18:18:43,747 [WARN] DbFile:36 - Overriding database path with different value: C:\Users\Vidalbana\.stmcufinder\plugins\mcufinder/ => C:\Users\Vidalbana\.stmcufinder\plugins\mcufinder
2020-05-24 18:18:43,748 [INFO] DbBoardsDocs:97 - Set database path to: C:\Users\Vidalbana\.stmcufinder\plugins\mcufinder//mcu/
2020-05-24 18:18:43,749 [WARN] DbFile:36 - Overriding database path with different value: C:\Users\Vidalbana\.stmcufinder\plugins\mcufinder/ => C:\Users\Vidalbana\.stmcufinder\plugins\mcufinder
2020-05-24 18:18:43,749 [INFO] DbBoardsJson:51 - Set database path to: C:\Users\Vidalbana\.stmcufinder\plugins\mcufinder//mcu/
2020-05-24 18:18:43,750 [WARN] DbFile:36 - Overriding database path with different value: C:\Users\Vidalbana\.stmcufinder\plugins\mcufinder/ => C:\Users\Vidalbana\.stmcufinder\plugins\mcufinder
2020-05-24 18:18:43,751 [WARN] DbFile:36 - Overriding database path with different value: C:\Users\Vidalbana\.stmcufinder\plugins\mcufinder/ => C:\Users\Vidalbana\.stmcufinder\plugins\mcufinder
2020-05-24 18:18:43,751 [INFO] CrossReferenceDbSqlite:197 - Set database path to: C:\Users\Vidalbana\.stmcufinder\plugins\mcufinder//mcu/cs/
2020-05-24 18:18:44,235 [INFO] MainPanel:181 - HeapMemory: 268435456
2020-05-24 18:18:44,578 [INFO] DbMcusXml:72 - Set database path to: C:\ST\STM32CubeIDE_1.3.0\STM32CubeIDE\plugins\com.st.stm32cube.common.mx_5.6.0.202002181639\\db\/mcu/
2020-05-24 18:18:44,579 [INFO] DbBoardsPdsc:54 - Set plugin database path to: C:\ST\STM32CubeIDE_1.3.0\STM32CubeIDE\plugins\com.st.stm32cube.common.mx_5.6.0.202002181639\\db\/plugins/boardmanager/
2020-05-24 18:18:44,579 [INFO] DbMcus:235 - Set plugin images path to: C:\ST\STM32CubeIDE_1.3.0\STM32CubeIDE\plugins\com.st.stm32cube.common.mx_5.6.0.202002181639\\db\/plugins/mcufinder/images/
2020-05-24 18:18:44,580 [INFO] DbBoards:232 - Set plugin images path to: C:\ST\STM32CubeIDE_1.3.0\STM32CubeIDE\plugins\com.st.stm32cube.common.mx_5.6.0.202002181639\\db\/plugins/mcufinder/images/
2020-05-24 18:18:44,580 [WARN] DbFile:36 - Overriding database path with different value: C:\Users\Vidalbana\.stmcufinder\plugins\mcufinder/ => C:\Users\Vidalbana\.stmcufinder\plugins\mcufinder
2020-05-24 18:18:44,580 [INFO] DbMcusAds:85 - Set database path to: C:\Users\Vidalbana\.stmcufinder\plugins\mcufinder//mcu/
2020-05-24 18:18:44,580 [WARN] DbFile:36 - Overriding database path with different value: C:\Users\Vidalbana\.stmcufinder\plugins\mcufinder/ => C:\Users\Vidalbana\.stmcufinder\plugins\mcufinder
2020-05-24 18:18:44,580 [INFO] DbMcusDocs:108 - Set database path to: C:\Users\Vidalbana\.stmcufinder\plugins\mcufinder//mcu/
2020-05-24 18:18:44,580 [WARN] DbFile:36 - Overriding database path with different value: C:\Users\Vidalbana\.stmcufinder\plugins\mcufinder/ => C:\Users\Vidalbana\.stmcufinder\plugins\mcufinder
2020-05-24 18:18:44,580 [INFO] DbMcusJson:61 - Set database path to: C:\Users\Vidalbana\.stmcufinder\plugins\mcufinder//mcu/
2020-05-24 18:18:44,580 [WARN] DbFile:36 - Overriding database path with different value: C:\Users\Vidalbana\.stmcufinder\plugins\mcufinder/ => C:\Users\Vidalbana\.stmcufinder\plugins\mcufinder
2020-05-24 18:18:44,580 [INFO] DbBoardsDocs:97 - Set database path to: C:\Users\Vidalbana\.stmcufinder\plugins\mcufinder//mcu/
2020-05-24 18:18:44,580 [WARN] DbFile:36 - Overriding database path with different value: C:\Users\Vidalbana\.stmcufinder\plugins\mcufinder/ => C:\Users\Vidalbana\.stmcufinder\plugins\mcufinder
2020-05-24 18:18:44,584 [INFO] DbBoardsJson:51 - Set database path to: C:\Users\Vidalbana\.stmcufinder\plugins\mcufinder//mcu/
2020-05-24 18:18:44,584 [WARN] DbFile:36 - Overriding database path with different value: C:\Users\Vidalbana\.stmcufinder\plugins\mcufinder/ => C:\Users\Vidalbana\.stmcufinder\plugins\mcufinder
2020-05-24 18:18:44,584 [WARN] DbFile:36 - Overriding database path with different value: C:\Users\Vidalbana\.stmcufinder\plugins\mcufinder/ => C:\Users\Vidalbana\.stmcufinder\plugins\mcufinder
2020-05-24 18:18:44,584 [INFO] CrossReferenceDbSqlite:197 - Set database path to: C:\Users\Vidalbana\.stmcufinder\plugins\mcufinder//mcu/cs/
2020-05-24 18:18:44,665 [INFO] ApplicationProperties:181 - Using Application install path: C:\ST\STM32CubeIDE_1.3.0\STM32CubeIDE\plugins\com.st.stm32cube.common.mx_5.6.0.202002181639
2020-05-24 18:18:44,681 [INFO] PluginManage:178 - Search for loadable plugins [exclusion list=, tutovideos]
2020-05-24 18:18:44,705 [INFO] PluginManage:292 - Check plugin analytics
2020-05-24 18:18:44,710 [INFO] PluginManage:342 - Loaded plugin analytics (category:tool,tabindex:-1)
2020-05-24 18:18:44,715 [INFO] PluginManage:292 - Check plugin clock
2020-05-24 18:18:44,729 [INFO] PluginManage:342 - Loaded plugin clock (category:base,tabindex:2)
2020-05-24 18:18:44,729 [INFO] PluginManage:292 - Check plugin ddr
2020-05-24 18:18:44,744 [INFO] PluginManage:342 - Loaded plugin ddr (category:tool,tabindex:6)
2020-05-24 18:18:44,744 [INFO] PluginManage:292 - Check plugin filemanager
2020-05-24 18:18:45,037 [INFO] PluginManage:342 - Loaded plugin filemanager (category:base,tabindex:10)
2020-05-24 18:18:45,037 [INFO] PluginManage:292 - Check plugin ipmanager
2020-05-24 18:18:45,051 [INFO] PluginManage:342 - Loaded plugin ipmanager (category:base,tabindex:5)
2020-05-24 18:18:45,051 [INFO] PluginManage:292 - Check plugin pinoutandconfiguration
2020-05-24 18:18:45,051 [INFO] PluginManage:342 - Loaded plugin pinoutandconfiguration (category:base,tabindex:1)
2020-05-24 18:18:45,062 [INFO] PluginManage:292 - Check plugin pinoutconfig
2020-05-24 18:18:45,206 [INFO] PluginManage:342 - Loaded plugin pinoutconfig (category:base,tabindex:0)
2020-05-24 18:18:45,206 [INFO] PluginManage:292 - Check plugin power
2020-05-24 18:18:45,258 [INFO] PluginManage:342 - Loaded plugin power (category:power,tabindex:4)
2020-05-24 18:18:45,258 [INFO] PluginManage:292 - Check plugin projectmanager
2020-05-24 18:18:45,289 [INFO] PluginManage:342 - Loaded plugin projectmanager (category:projectmanager,tabindex:3)
2020-05-24 18:18:45,291 [INFO] PluginManage:292 - Check plugin thirdparty
2020-05-24 18:18:45,455 [INFO] ThirdPartyDb:295 - Open Third Party DataBase File (C:/Users/Vidalbana/.stm32cubemx/plugins/thirdparty/db/thirdparties_db.xml) : 51 ms. number of Sw pack : 9
2020-05-24 18:18:45,473 [INFO] PluginManage:342 - Loaded plugin thirdparty (category:base,tabindex:-1)
2020-05-24 18:18:45,474 [INFO] PluginManage:292 - Check plugin tools
2020-05-24 18:18:45,477 [INFO] PluginManage:342 - Loaded plugin tools (category:base,tabindex:7)
2020-05-24 18:18:45,477 [INFO] PluginManage:292 - Check plugin tutovideos
2020-05-24 18:18:45,489 [INFO] PluginManage:347 - Ignore plugin tutovideos (category:base)
2020-05-24 18:18:45,489 [INFO] PluginManage:292 - Check plugin updater
2020-05-24 18:18:45,505 [INFO] PluginManage:342 - Loaded plugin updater (category:base,tabindex:12)
2020-05-24 18:18:45,506 [INFO] PluginManage:265 - PluginManage : Loaded plugins [12]
2020-05-24 18:18:46,677 [INFO] PinOutPanel:1420 - setPackage(No Configuration,No Configuration)
2020-05-24 18:18:47,084 [INFO] IPUIPlugin:65 - create IPUIPlugin
2020-05-24 18:18:47,085 [INFO] PluginManager:200 - loadIPPluginJar : add adc
2020-05-24 18:18:47,087 [INFO] IPUIPlugin:65 - create IPUIPlugin
2020-05-24 18:18:47,087 [INFO] PluginManager:200 - loadIPPluginJar : add aes
2020-05-24 18:18:47,087 [INFO] IPUIPlugin:65 - create IPUIPlugin
2020-05-24 18:18:47,087 [INFO] PluginManager:200 - loadIPPluginJar : add can
2020-05-24 18:18:47,087 [INFO] IPUIPlugin:65 - create IPUIPlugin
2020-05-24 18:18:47,087 [INFO] PluginManager:200 - loadIPPluginJar : add comp
2020-05-24 18:18:47,102 [INFO] IPUIPlugin:65 - create IPUIPlugin
2020-05-24 18:18:47,102 [INFO] PluginManager:200 - loadIPPluginJar : add cryp
2020-05-24 18:18:47,109 [INFO] IPUIPlugin:65 - create IPUIPlugin
2020-05-24 18:18:47,109 [INFO] PluginManager:200 - loadIPPluginJar : add dfsdm
2020-05-24 18:18:47,109 [INFO] IPUIPlugin:65 - create IPUIPlugin
2020-05-24 18:18:47,109 [INFO] PluginManager:200 - loadIPPluginJar : add dma
2020-05-24 18:18:47,109 [INFO] IPUIPlugin:65 - create IPUIPlugin
2020-05-24 18:18:47,109 [INFO] PluginManager:200 - loadIPPluginJar : add fatfs
2020-05-24 18:18:47,125 [INFO] IPUIPlugin:65 - create IPUIPlugin
2020-05-24 18:18:47,125 [INFO] PluginManager:200 - loadIPPluginJar : add fmc
2020-05-24 18:18:47,125 [INFO] IPUIPlugin:65 - create IPUIPlugin
2020-05-24 18:18:47,125 [INFO] PluginManager:200 - loadIPPluginJar : add freertos
2020-05-24 18:18:47,134 [INFO] IPUIPlugin:65 - create IPUIPlugin
2020-05-24 18:18:47,135 [INFO] PluginManager:200 - loadIPPluginJar : add genericplugin
2020-05-24 18:18:47,135 [INFO] IPUIPlugin:65 - create IPUIPlugin
2020-05-24 18:18:47,135 [INFO] PluginManager:200 - loadIPPluginJar : add gfxmmu
2020-05-24 18:18:47,141 [INFO] IPUIPlugin:65 - create IPUIPlugin
2020-05-24 18:18:47,141 [INFO] PluginManager:200 - loadIPPluginJar : add gic
2020-05-24 18:18:47,141 [INFO] IPUIPlugin:65 - create IPUIPlugin
2020-05-24 18:18:47,141 [INFO] PluginManager:200 - loadIPPluginJar : add gpio
2020-05-24 18:18:47,153 [INFO] IPUIPlugin:65 - create IPUIPlugin
2020-05-24 18:18:47,153 [INFO] PluginManager:200 - loadIPPluginJar : add gtzc
2020-05-24 18:18:47,153 [INFO] IPUIPlugin:65 - create IPUIPlugin
2020-05-24 18:18:47,153 [INFO] PluginManager:200 - loadIPPluginJar : add hash
2020-05-24 18:18:47,159 [INFO] IPUIPlugin:65 - create IPUIPlugin
2020-05-24 18:18:47,159 [INFO] PluginManager:200 - loadIPPluginJar : add i2c
2020-05-24 18:18:47,162 [INFO] IPUIPlugin:65 - create IPUIPlugin
2020-05-24 18:18:47,162 [INFO] PluginManager:200 - loadIPPluginJar : add i2s
2020-05-24 18:18:47,444 [INFO] IPUIPlugin:65 - create IPUIPlugin
2020-05-24 18:18:47,444 [INFO] PluginManager:200 - loadIPPluginJar : add ipddr
2020-05-24 18:18:47,444 [INFO] IPUIPlugin:65 - create IPUIPlugin
2020-05-24 18:18:47,444 [INFO] PluginManager:200 - loadIPPluginJar : add ltdc
2020-05-24 18:18:47,463 [INFO] IPUIPlugin:65 - create IPUIPlugin
2020-05-24 18:18:47,463 [INFO] PluginManager:200 - loadIPPluginJar : add mdma
2020-05-24 18:18:47,463 [INFO] IPUIPlugin:65 - create IPUIPlugin
2020-05-24 18:18:47,468 [INFO] PluginManager:200 - loadIPPluginJar : add nvic
2020-05-24 18:18:47,470 [INFO] IPUIPlugin:65 - create IPUIPlugin
2020-05-24 18:18:47,471 [INFO] PluginManager:200 - loadIPPluginJar : add opamp
2020-05-24 18:18:47,472 [INFO] IPUIPlugin:65 - create IPUIPlugin
2020-05-24 18:18:47,475 [INFO] PluginManager:200 - loadIPPluginJar : add pdm2pcm
2020-05-24 18:18:47,477 [INFO] IPUIPlugin:65 - create IPUIPlugin
2020-05-24 18:18:47,484 [INFO] PluginManager:200 - loadIPPluginJar : add plateformsettings
2020-05-24 18:18:47,484 [INFO] IPUIPlugin:65 - create IPUIPlugin
2020-05-24 18:18:47,484 [INFO] PluginManager:200 - loadIPPluginJar : add quadspi
2020-05-24 18:18:47,490 [INFO] IPUIPlugin:65 - create IPUIPlugin
2020-05-24 18:18:47,490 [INFO] PluginManager:200 - loadIPPluginJar : add resmgrutility
2020-05-24 18:18:47,490 [INFO] IPUIPlugin:65 - create IPUIPlugin
2020-05-24 18:18:47,490 [INFO] PluginManager:200 - loadIPPluginJar : add sai
2020-05-24 18:18:47,490 [INFO] IPUIPlugin:65 - create IPUIPlugin
2020-05-24 18:18:47,490 [INFO] PluginManager:200 - loadIPPluginJar : add spi
2020-05-24 18:18:47,500 [INFO] IPUIPlugin:65 - create IPUIPlugin
2020-05-24 18:18:47,501 [INFO] PluginManager:200 - loadIPPluginJar : add stm32_wpan
2020-05-24 18:18:47,501 [INFO] IPUIPlugin:65 - create IPUIPlugin
2020-05-24 18:18:47,504 [INFO] PluginManager:200 - loadIPPluginJar : add tim
2020-05-24 18:18:47,506 [INFO] IPUIPlugin:65 - create IPUIPlugin
2020-05-24 18:18:47,506 [INFO] PluginManager:200 - loadIPPluginJar : add touchsensing
2020-05-24 18:18:47,506 [INFO] IPUIPlugin:65 - create IPUIPlugin
2020-05-24 18:18:47,506 [INFO] PluginManager:200 - loadIPPluginJar : add tracer_emb
2020-05-24 18:18:47,506 [INFO] IPUIPlugin:65 - create IPUIPlugin
2020-05-24 18:18:47,506 [INFO] PluginManager:200 - loadIPPluginJar : add ts
2020-05-24 18:18:47,506 [INFO] IPUIPlugin:65 - create IPUIPlugin
2020-05-24 18:18:47,506 [INFO] PluginManager:200 - loadIPPluginJar : add tsc
2020-05-24 18:18:47,506 [INFO] IPUIPlugin:65 - create IPUIPlugin
2020-05-24 18:18:47,506 [INFO] PluginManager:200 - loadIPPluginJar : add ucpd
2020-05-24 18:18:47,506 [INFO] IPUIPlugin:65 - create IPUIPlugin
2020-05-24 18:18:47,506 [INFO] PluginManager:200 - loadIPPluginJar : add usart
2020-05-24 18:18:48,691 [INFO] BoardConnectionPanel:3472 - [DDR PANEL] STM32CubeIDE environment
2020-05-24 18:18:48,691 [INFO] MainDdrPanel:103 - [DDR PANEL] GETTER - cubeProgrammerPath is: null
2020-05-24 18:18:49,032 [FATAL] Updater:277 - Updater called before beeing initialized
2020-05-24 18:18:49,542 [FATAL] Updater:277 - Updater called before beeing initialized
2020-05-24 18:18:49,546 [INFO] PinOutPanel:1420 - setPackage(No Configuration,No Configuration)
2020-05-24 18:18:49,547 [FATAL] Updater:277 - Updater called before beeing initialized
2020-05-24 18:18:49,752 [INFO] BoardConnectionPanel:3472 - [DDR PANEL] STM32CubeIDE environment
2020-05-24 18:18:49,757 [INFO] MainDdrPanel:103 - [DDR PANEL] GETTER - cubeProgrammerPath is: C:\ST\STM32CubeIDE_1.3.0\STM32CubeIDE\plugins\com.st.stm32cube.ide.mcu.externaltools.cubeprogrammer.win32_1.3.0.202002181050\tools\bin
2020-05-24 18:18:49,763 [INFO] ProgrammerExecThread:148 - [ProgrammerAPI] CubeProgrammer command construction: C:\ST\STM32CubeIDE_1.3.0\STM32CubeIDE\plugins\com.st.stm32cube.ide.mcu.externaltools.cubeprogrammer.win32_1.3.0.202002181050\tools\bin\STM32_Programmer_CLI.exe -l
2020-05-24 18:18:51,486 [FATAL] Updater:277 - Updater called before beeing initialized
2020-05-24 18:18:51,486 [ERROR] IntegrityCheckThread:252 - Cannot obtain thirdParties list 21
2020-05-24 18:18:51,486 [ERROR] IntegrityCheckThread:100 - Unexpected exception IntegrityCheckThread Thread: Updater error
2020-05-24 18:18:51,488 [INFO] ThirdPartyDb:261 - Close Third Party DataBase File (C:/Users/Vidalbana/.stm32cubemx/plugins/thirdparty/db/thirdparties_db.xml)
2020-05-24 18:18:52,220 [INFO] MainDdrPanel:93 - [DDR PANEL] SETTER - Set cubeProgrammerPath to: C:\ST\STM32CubeIDE_1.3.0\STM32CubeIDE\plugins\com.st.stm32cube.ide.mcu.externaltools.cubeprogrammer.win32_1.3.0.202002181050\tools\bin
2020-05-24 18:18:52,391 [INFO] Updater:886 - Updater Version found : 5.6.0
2020-05-24 18:18:52,447 [INFO] ApplicationProperties:181 - Using Application install path: C:\ST\STM32CubeIDE_1.3.0\STM32CubeIDE\plugins\com.st.stm32cube.common.mx_5.6.0.202002181639
2020-05-24 18:18:52,976 [INFO] MainUpdater:2230 - connection check result : 10
2020-05-24 18:18:52,976 [INFO] MainUpdater:236 - Updater Check For Update Now.
2020-05-24 18:18:52,976 [INFO] MicroXplorer:420 - Change Database Version : DB.5.0.60
2020-05-24 18:18:53,116 [INFO] CheckServerUpdateThread:92 - End of CheckServer Thread
2020-05-24 18:18:53,212 [INFO] MainUpdater:2230 - connection check result : 10
2020-05-24 18:18:53,700 [INFO] MicroXplorer:390 - Change Database Path : 
2020-05-24 18:18:53,701 [INFO] MicroXplorer:420 - Change Database Version : DB.5.0.60
2020-05-24 18:18:53,722 [INFO] PinOutPanel:1420 - setPackage(No Configuration,No Configuration)
2020-05-24 18:18:53,723 [INFO] UtilMem:74 - Begin LoadConfig() Used Memory: 132022400 Bytes (268435456)
2020-05-24 18:18:53,725 [INFO] MicroXplorer:390 - Change Database Path : 
2020-05-24 18:18:53,725 [INFO] MicroXplorer:420 - Change Database Version : DB.5.0.60
2020-05-24 18:18:53,725 [INFO] OpenFileManager:274 - Change cursor
2020-05-24 18:18:56,397 [INFO] ImportTextPane:162 - (OptionalMessage_ERROR) IP (ADC1) : Parameter (Rank) has Id (1#ChannelRegularConversion) currently not set
2020-05-24 18:18:56,397 [INFO] ImportTextPane:162 - (OptionalMessage_ERROR) IP (ADC1) : Parameter (Channel) has Id (1#ChannelRegularConversion) currently not set
2020-05-24 18:18:56,397 [INFO] ImportTextPane:162 - (OptionalMessage_ERROR) IP (ADC1) : Parameter (SamplingTime) has Id (1#ChannelRegularConversion) currently not set
2020-05-24 18:18:56,397 [INFO] ImportTextPane:162 - (OptionalMessage_ERROR) IP (ADC1) : Parameter (Rank) has Id (2#ChannelRegularConversion) currently not set
2020-05-24 18:18:56,397 [INFO] ImportTextPane:162 - (OptionalMessage_ERROR) IP (ADC1) : Parameter (Channel) has Id (2#ChannelRegularConversion) currently not set
2020-05-24 18:18:56,397 [INFO] ImportTextPane:162 - (OptionalMessage_ERROR) IP (ADC1) : Parameter (SamplingTime) has Id (2#ChannelRegularConversion) currently not set
2020-05-24 18:18:56,404 [INFO] ImportTextPane:162 - (OptionalMessage_ERROR) IP (RCC) : Parameter (RTCHSEDivFreq_Value) has invalid value (4000000)
2020-05-24 18:18:56,638 [INFO] UtilMem:74 - End LoadConfig() Used Memory: 132024968 Bytes (268435456)
2020-05-24 18:18:56,639 [INFO] DbMcusXml:110 - Load MCU database from C:\ST\STM32CubeIDE_1.3.0\STM32CubeIDE\plugins\com.st.stm32cube.common.mx_5.6.0.202002181639\\db\/mcu/families.xml
2020-05-24 18:18:57,583 [INFO] DbMcusJson:90 - JSON generation date=Wed May 20 17:34:35 CEST 2020 (1589988875)
2020-05-24 18:18:58,505 [INFO] DbMcus:171 - Found 1670 MCUs (1625 are supported by CubeMX, 1625 are visible in CubeMX)
2020-05-24 18:18:58,505 [INFO] ApiDb:147 - User favorites file not found: C:\Users\Vidalbana/.stm32cubemx/favorites.mcus.txt
2020-05-24 18:18:58,505 [INFO] DbMcus:183 - Set 0 / 0 favorites MCUs
2020-05-24 18:18:58,518 [INFO] ThirdPartyDb:295 - Open Third Party DataBase File (C:/Users/Vidalbana/.stm32cubemx/plugins/thirdparty/db/thirdparties_db.xml) : 9 ms. number of Sw pack : 9
2020-05-24 18:18:58,709 [INFO] ThirdParty:899 - CMSIS Pack Vendor :STMicroelectronics X-CUBE-BLE1 5.0.0
2020-05-24 18:18:58,709 [INFO] ThirdParty:899 - CMSIS Pack Vendor :STMicroelectronics X-CUBE-SUBG2 1.1.0
2020-05-24 18:18:58,709 [INFO] ThirdParty:899 - CMSIS Pack Vendor :STMicroelectronics X-CUBE-GNSS1 4.1.0
2020-05-24 18:18:58,709 [INFO] ThirdParty:899 - CMSIS Pack Vendor :STMicroelectronics X-CUBE-TOUCHGFX 4.13.0
2020-05-24 18:18:58,709 [INFO] ThirdParty:899 - CMSIS Pack Vendor :STMicroelectronics X-CUBE-NFC4 1.5.2
2020-05-24 18:18:58,709 [INFO] ThirdParty:899 - CMSIS Pack Vendor :STMicroelectronics X-CUBE-MEMS1 7.2.0
2020-05-24 18:18:58,709 [INFO] ThirdParty:899 - CMSIS Pack Vendor :STMicroelectronics X-CUBE-ALGOBUILD 1.0.0
2020-05-24 18:18:58,709 [INFO] ThirdParty:899 - CMSIS Pack Vendor :STMicroelectronics X-CUBE-AI 5.0.0
2020-05-24 18:18:58,709 [INFO] ThirdParty:899 - CMSIS Pack Vendor :STMicroelectronics X-CUBE-BLE2 1.0.0
2020-05-24 18:19:00,036 [INFO] PinOutPanel:1420 - setPackage(No Configuration,No Configuration)
2020-05-24 18:19:00,036 [INFO] PinOutPanel:1420 - setPackage(STM32F401RETx,LQFP64)
2020-05-24 18:19:00,708 [INFO] UtilMem:74 - Before build in PCC Used Memory: 152243200 Bytes (292552704)
2020-05-24 18:19:01,632 [INFO] SharedServices:71 - Folder for power plug-in: C:/Users/Vidalbana/.stm32cubemx/plugins/power
2020-05-24 18:19:01,709 [INFO] SharedServices:71 - Folder for power plug-in: C:/Users/Vidalbana/.stm32cubemx/plugins/power
2020-05-24 18:19:01,787 [INFO] SharedServices:71 - Folder for power plug-in: C:/Users/Vidalbana/.stm32cubemx/plugins/power
2020-05-24 18:19:01,787 [INFO] SharedServices:71 - Folder for power plug-in: C:/Users/Vidalbana/.stm32cubemx/plugins/power
2020-05-24 18:19:02,162 [INFO] UtilMem:74 - After build in PCC Used Memory: 209392632 Bytes (292552704)
2020-05-24 18:19:02,199 [INFO] IPUIPlugin:65 - create IPUIPlugin
2020-05-24 18:19:02,199 [INFO] IPUIPlugin:65 - create IPUIPlugin
2020-05-24 18:19:02,199 [INFO] IPUIPlugin:65 - create IPUIPlugin
2020-05-24 18:19:02,199 [INFO] IPUIPlugin:65 - create IPUIPlugin
2020-05-24 18:19:02,199 [INFO] IPUIPlugin:65 - create IPUIPlugin
2020-05-24 18:19:02,199 [INFO] IPUIPlugin:65 - create IPUIPlugin
2020-05-24 18:19:02,199 [INFO] IPUIPlugin:65 - create IPUIPlugin
2020-05-24 18:19:02,199 [INFO] IPUIPlugin:65 - create IPUIPlugin
2020-05-24 18:19:02,199 [INFO] IPUIPlugin:65 - create IPUIPlugin
2020-05-24 18:19:02,199 [INFO] IPUIPlugin:65 - create IPUIPlugin
2020-05-24 18:19:02,199 [INFO] IPUIPlugin:65 - create IPUIPlugin
2020-05-24 18:19:02,199 [INFO] IPUIPlugin:65 - create IPUIPlugin
2020-05-24 18:19:02,199 [INFO] IPUIPlugin:65 - create IPUIPlugin
2020-05-24 18:19:02,199 [INFO] IPUIPlugin:65 - create IPUIPlugin
2020-05-24 18:19:02,199 [INFO] IPUIPlugin:65 - create IPUIPlugin
2020-05-24 18:19:02,199 [INFO] IPUIPlugin:65 - create IPUIPlugin
2020-05-24 18:19:02,199 [INFO] IPUIPlugin:65 - create IPUIPlugin
2020-05-24 18:19:02,199 [INFO] IPUIPlugin:65 - create IPUIPlugin
2020-05-24 18:19:02,199 [INFO] IPUIPlugin:65 - create IPUIPlugin
2020-05-24 18:19:02,199 [INFO] IPUIPlugin:65 - create IPUIPlugin
2020-05-24 18:19:02,199 [INFO] IPUIPlugin:65 - create IPUIPlugin
2020-05-24 18:19:02,199 [INFO] IPUIPlugin:65 - create IPUIPlugin
2020-05-24 18:19:02,199 [INFO] IPUIPlugin:65 - create IPUIPlugin
2020-05-24 18:19:02,199 [INFO] IPUIPlugin:65 - create IPUIPlugin
2020-05-24 18:19:02,199 [INFO] IPUIPlugin:65 - create IPUIPlugin
2020-05-24 18:19:02,199 [INFO] IPUIPlugin:65 - create IPUIPlugin
2020-05-24 18:19:02,199 [INFO] IPUIPlugin:65 - create IPUIPlugin
2020-05-24 18:19:02,199 [INFO] IPUIPlugin:65 - create IPUIPlugin
2020-05-24 18:19:02,199 [INFO] IPUIPlugin:65 - create IPUIPlugin
2020-05-24 18:19:02,199 [INFO] IPUIPlugin:65 - create IPUIPlugin
2020-05-24 18:19:02,199 [INFO] IPUIPlugin:65 - create IPUIPlugin
2020-05-24 18:19:02,199 [INFO] IPUIPlugin:65 - create IPUIPlugin
2020-05-24 18:19:02,199 [INFO] IPUIPlugin:65 - create IPUIPlugin
2020-05-24 18:19:02,199 [INFO] IPUIPlugin:65 - create IPUIPlugin
2020-05-24 18:19:02,199 [INFO] IPUIPlugin:65 - create IPUIPlugin
2020-05-24 18:19:02,199 [INFO] IPUIPlugin:65 - create IPUIPlugin
2020-05-24 18:19:02,199 [INFO] IPUIPlugin:65 - create IPUIPlugin
2020-05-24 18:19:02,199 [INFO] IPUIPlugin:65 - create IPUIPlugin
2020-05-24 18:19:02,222 [WARN] IP:1936 - I2C_Coeff_DF not found: check if there is a RefParameter without a condition.
2020-05-24 18:19:02,223 [WARN] IP:1936 - Analog_Filter not found: check if there is a RefParameter without a condition.
2020-05-24 18:19:02,256 [INFO] LogOutputStream:76 - [STDOUT_REDIRECT] toolchainItems.length=====1
2020-05-24 18:19:02,543 [INFO] OpenFileManager:294 - Restore cursor
2020-05-24 18:19:02,695 [WARN] IP:1936 - I2C_Coeff_DF not found: check if there is a RefParameter without a condition.
2020-05-24 18:19:02,695 [WARN] IP:1936 - Analog_Filter not found: check if there is a RefParameter without a condition.
2020-05-24 18:19:02,695 [WARN] IP:1936 - I2C_Coeff_DF not found: check if there is a RefParameter without a condition.
2020-05-24 18:19:02,695 [WARN] IP:1936 - Analog_Filter not found: check if there is a RefParameter without a condition.
2020-05-24 18:20:14,543 [INFO] UtilMem:74 - End SaveConfig() Used Memory: 266563384 Bytes (326107136)
2020-05-24 18:20:16,668 [INFO] UtilMem:74 - End SaveConfig() Used Memory: 277575472 Bytes (326107136)
2020-05-24 18:20:16,948 [INFO] UtilMem:74 - End SaveConfig() Used Memory: 216346232 Bytes (326107136)
2020-05-24 18:20:17,697 [INFO] BlockDiagram:2671 - set Specific Code input for plugin: NVIC
2020-05-24 18:20:17,697 [INFO] BlockDiagram:2671 - set Specific Code input for plugin: USART
2020-05-24 18:20:17,697 [INFO] BlockDiagram:2671 - set Specific Code input for plugin: TIM1_8
2020-05-24 18:20:17,697 [INFO] BlockDiagram:2671 - set Specific Code input for plugin: TIM1_8
2020-05-24 18:20:17,697 [INFO] BlockDiagram:2671 - set Specific Code input for plugin: SYS
2020-05-24 18:20:17,697 [INFO] BlockDiagram:2671 - set Specific Code input for plugin: GPIO
2020-05-24 18:20:17,697 [INFO] BlockDiagram:2671 - set Specific Code input for plugin: ADC
2020-05-24 18:20:17,697 [INFO] BlockDiagram:2671 - set Specific Code input for plugin: RCC
2020-05-24 18:20:17,697 [INFO] BlockDiagram:2671 - set Specific Code input for plugin: I2C
2020-05-24 18:20:17,713 [INFO] CodeGenerator:603 - code generatio: config db path: C:\ST\STM32CubeIDE_1.3.0\STM32CubeIDE\plugins\com.st.stm32cube.common.mx_5.6.0.202002181639\\db\
2020-05-24 18:20:17,728 [WARN] IP:1936 - I2C_Coeff_DF not found: check if there is a RefParameter without a condition.
2020-05-24 18:20:17,728 [WARN] IP:1936 - Analog_Filter not found: check if there is a RefParameter without a condition.
2020-05-24 18:20:18,731 [INFO] CodeEngine:188 - oldGeneratedFile, C:\Users\Vidalbana\Desktop\Microcontroladors\mab-pot-s-la_resistencia\masb-final-project\MXTmpFiles\license.tmp_save
2020-05-24 18:20:19,728 [INFO] CodeEngine:206 - Generated code: C:\Users\Vidalbana\Desktop\Microcontroladors\mab-pot-s-la_resistencia\masb-final-project\MXTmpFiles\license.tmp
2020-05-24 18:20:20,189 [INFO] CodeEngine:188 - oldGeneratedFile, C:\Users\Vidalbana\Desktop\Microcontroladors\mab-pot-s-la_resistencia\masb-final-project\MXTmpFiles\gpio.tmp_save
2020-05-24 18:20:20,400 [INFO] CodeEngine:206 - Generated code: C:\Users\Vidalbana\Desktop\Microcontroladors\mab-pot-s-la_resistencia\masb-final-project\MXTmpFiles\gpio.tmp
2020-05-24 18:20:21,059 [INFO] LogOutputStream:76 - [STDOUT_REDIRECT] Command line
2020-05-24 18:20:21,059 [INFO] LogOutputStream:76 - [STDOUT_REDIRECT] Debug : prepare data for ADC
2020-05-24 18:20:21,059 [INFO] LogOutputStream:76 - [STDOUT_REDIRECT] Command line test
2020-05-24 18:20:21,097 [INFO] LogOutputStream:76 - [STDOUT_REDIRECT] Command line
2020-05-24 18:20:21,098 [INFO] LogOutputStream:76 - [STDOUT_REDIRECT] Debug : prepare data for I2C
2020-05-24 18:20:21,098 [INFO] LogOutputStream:76 - [STDOUT_REDIRECT] Command line test
2020-05-24 18:20:21,098 [INFO] LogOutputStream:76 - [STDOUT_REDIRECT] Command line
2020-05-24 18:20:21,098 [INFO] LogOutputStream:76 - [STDOUT_REDIRECT] Debug : prepare data for TIM
2020-05-24 18:20:21,098 [INFO] LogOutputStream:76 - [STDOUT_REDIRECT] Command line test
2020-05-24 18:20:21,098 [INFO] LogOutputStream:76 - [STDOUT_REDIRECT] Command line
2020-05-24 18:20:21,113 [INFO] LogOutputStream:76 - [STDOUT_REDIRECT] Debug : prepare data for USART
2020-05-24 18:20:21,113 [INFO] LogOutputStream:76 - [STDOUT_REDIRECT] Command line test
2020-05-24 18:20:21,113 [INFO] LogOutputStream:76 - [STDOUT_REDIRECT] Debug : prepare data for NVIC
2020-05-24 18:20:21,113 [INFO] LogOutputStream:76 - [STDOUT_REDIRECT] Command line test
2020-05-24 18:20:21,197 [INFO] CodeEngine:188 - oldGeneratedFile, C:\Users\Vidalbana\Desktop\Microcontroladors\mab-pot-s-la_resistencia\masb-final-project\Core\Src\stm32f4xx_it.c_save
2020-05-24 18:20:21,569 [INFO] CodeEngine:206 - Generated code: C:\Users\Vidalbana\Desktop\Microcontroladors\mab-pot-s-la_resistencia\masb-final-project\Core\Src\stm32f4xx_it.c
2020-05-24 18:20:21,662 [INFO] CodeEngine:188 - oldGeneratedFile, C:\Users\Vidalbana\Desktop\Microcontroladors\mab-pot-s-la_resistencia\masb-final-project\Core\Inc\stm32f4xx_it.h_save
2020-05-24 18:20:21,805 [INFO] CodeEngine:206 - Generated code: C:\Users\Vidalbana\Desktop\Microcontroladors\mab-pot-s-la_resistencia\masb-final-project\Core\Inc\stm32f4xx_it.h
2020-05-24 18:20:21,866 [INFO] CodeEngine:188 - oldGeneratedFile, C:\Users\Vidalbana\Desktop\Microcontroladors\mab-pot-s-la_resistencia\masb-final-project\Core\Src\stm32f4xx_hal_msp.c_save
2020-05-24 18:20:22,270 [INFO] CodeEngine:206 - Generated code: C:\Users\Vidalbana\Desktop\Microcontroladors\mab-pot-s-la_resistencia\masb-final-project\Core\Src\stm32f4xx_hal_msp.c
2020-05-24 18:20:22,296 [INFO] CodeEngine:188 - oldGeneratedFile, C:\Users\Vidalbana\Desktop\Microcontroladors\mab-pot-s-la_resistencia\masb-final-project\MXTmpFiles\system.tmp_save
2020-05-24 18:20:22,417 [INFO] CodeEngine:206 - Generated code: C:\Users\Vidalbana\Desktop\Microcontroladors\mab-pot-s-la_resistencia\masb-final-project\MXTmpFiles\system.tmp
2020-05-24 18:20:22,501 [INFO] CodeEngine:188 - oldGeneratedFile, C:\Users\Vidalbana\Desktop\Microcontroladors\mab-pot-s-la_resistencia\masb-final-project\Core\Inc\stm32f4xx_hal_conf.h_save
2020-05-24 18:20:22,713 [INFO] CodeEngine:206 - Generated code: C:\Users\Vidalbana\Desktop\Microcontroladors\mab-pot-s-la_resistencia\masb-final-project\Core\Inc\stm32f4xx_hal_conf.h
2020-05-24 18:20:22,752 [WARN] IPConfigManager:2701 - IP not found : TIM
2020-05-24 18:20:22,752 [WARN] IPConfigManager:2701 - IP not found : gpio
2020-05-24 18:20:22,752 [WARN] CodeGenerator:2649 - IP not found : TIM
2020-05-24 18:20:22,752 [WARN] CodeGenerator:2649 - IP not found : gpio
2020-05-24 18:20:22,811 [INFO] CodeEngine:188 - oldGeneratedFile, C:\Users\Vidalbana\Desktop\Microcontroladors\mab-pot-s-la_resistencia\masb-final-project\Core\Inc\main.h_save
2020-05-24 18:20:22,927 [INFO] CodeEngine:206 - Generated code: C:\Users\Vidalbana\Desktop\Microcontroladors\mab-pot-s-la_resistencia\masb-final-project\Core\Inc\main.h
2020-05-24 18:20:23,096 [INFO] CodeEngine:188 - oldGeneratedFile, C:\Users\Vidalbana\Desktop\Microcontroladors\mab-pot-s-la_resistencia\masb-final-project\Core\Src\main.c_save
2020-05-24 18:20:23,619 [INFO] CodeEngine:206 - Generated code: C:\Users\Vidalbana\Desktop\Microcontroladors\mab-pot-s-la_resistencia\masb-final-project\Core\Src\main.c
2020-05-24 18:20:27,129 [INFO] ProjectBuilder:2002 - Time for Copy HAL[1] : 2418mS.
2020-05-24 18:20:27,135 [INFO] ProjectBuilder:2727 - Project Generator version: 3.7.1
2020-05-24 18:20:27,867 [INFO] ConfigFileManager:1066 - The Die is : DIE433
2020-05-24 18:20:35,396 [INFO] ProjectBuilder:2894 - Time for Generating toolchain IDE Files: 8261mS.
2020-05-24 18:20:35,397 [INFO] ProjectBuilder:1878 - Time for Copy CMSIS : 0mS.
2020-05-24 18:20:35,402 [INFO] ProjectBuilder:1878 - Time for Copy CMSIS : 1mS.
2020-05-29 13:51:15,239 [INFO] Activator:176 - 


2020-05-29 13:51:15,442 [INFO] Activator:177 - !SESSION log4j initialized
2020-05-29 13:51:49,746 [ERROR] ApiDbMcu:1418 - Can't use Application install path:
2020-05-29 13:51:52,074 [WARN] RulesReader:54 - Compatibility file://mcu/compatibility.xml not found
2020-05-29 14:12:07,001 [INFO] LogOutputStream:76 - [STDOUT_REDIRECT] NM parsing issue: line doesn't match pattern: 0000adbc r 
